[debug] [2022-05-12T19:03:36.466Z] ----------------------------------------------------------------------
[debug] [2022-05-12T19:03:36.467Z] Command:       C:\Program Files\nodejs\node.exe C:\Users\marci\AppData\Roaming\npm\node_modules\firebase-tools\lib\bin\firebase.js deploy
[debug] [2022-05-12T19:03:36.468Z] CLI Version:   10.7.1
[debug] [2022-05-12T19:03:36.468Z] Platform:      win32
[debug] [2022-05-12T19:03:36.468Z] Node Version:  v16.14.2
[debug] [2022-05-12T19:03:36.469Z] Time:          Thu May 12 2022 16:03:36 GMT-0300 (Horário Padrão de Brasília)
[debug] [2022-05-12T19:03:36.469Z] ----------------------------------------------------------------------
[debug] 
[debug] [2022-05-12T19:03:36.532Z] > command requires scopes: ["email","openid","https://www.googleapis.com/auth/cloudplatformprojects.readonly","https://www.googleapis.com/auth/firebase","https://www.googleapis.com/auth/cloud-platform"]
[debug] [2022-05-12T19:03:36.533Z] > authorizing via signed-in user (marcio.levy20@gmail.com)
[debug] [2022-05-12T19:03:36.533Z] [iam] checking project cargasaqui for permissions ["cloudfunctions.functions.create","cloudfunctions.functions.delete","cloudfunctions.functions.get","cloudfunctions.functions.list","cloudfunctions.functions.update","cloudfunctions.operations.get","datastore.indexes.create","datastore.indexes.delete","datastore.indexes.list","datastore.indexes.update","firebase.projects.get","firebasehosting.sites.update"]
[debug] [2022-05-12T19:03:36.534Z] > refreshing access token with scopes: []
[debug] [2022-05-12T19:03:36.535Z] >>> HTTP REQUEST POST https://www.googleapis.com/oauth2/v3/token  
 <request body omitted>
[debug] [2022-05-12T19:03:36.856Z] <<< HTTP RESPONSE 200 {"date":"Thu, 12 May 2022 19:03:37 GMT","cache-control":"no-cache, no-store, max-age=0, must-revalidate","expires":"Mon, 01 Jan 1990 00:00:00 GMT","pragma":"no-cache","content-type":"application/json; charset=utf-8","vary":"X-Origin, Referer, Origin,Accept-Encoding","server":"scaffolding on HTTPServer2","x-xss-protection":"0","x-frame-options":"SAMEORIGIN","x-content-type-options":"nosniff","alt-svc":"h3=\":443\"; ma=2592000,h3-29=\":443\"; ma=2592000,h3-Q050=\":443\"; ma=2592000,h3-Q046=\":443\"; ma=2592000,h3-Q043=\":443\"; ma=2592000,quic=\":443\"; ma=2592000; v=\"46,43\"","accept-ranges":"none","transfer-encoding":"chunked"}
[debug] [2022-05-12T19:03:36.865Z] >>> [apiv2][query] POST https://cloudresourcemanager.googleapis.com/v1/projects/cargasaqui:testIamPermissions [none]
[debug] [2022-05-12T19:03:36.865Z] >>> [apiv2][body] POST https://cloudresourcemanager.googleapis.com/v1/projects/cargasaqui:testIamPermissions {"permissions":["cloudfunctions.functions.create","cloudfunctions.functions.delete","cloudfunctions.functions.get","cloudfunctions.functions.list","cloudfunctions.functions.update","cloudfunctions.operations.get","datastore.indexes.create","datastore.indexes.delete","datastore.indexes.list","datastore.indexes.update","firebase.projects.get","firebasehosting.sites.update"]}
[debug] [2022-05-12T19:03:37.947Z] <<< [apiv2][status] POST https://cloudresourcemanager.googleapis.com/v1/projects/cargasaqui:testIamPermissions 200
[debug] [2022-05-12T19:03:37.947Z] <<< [apiv2][body] POST https://cloudresourcemanager.googleapis.com/v1/projects/cargasaqui:testIamPermissions {"permissions":["cloudfunctions.functions.create","cloudfunctions.functions.delete","cloudfunctions.functions.get","cloudfunctions.functions.list","cloudfunctions.functions.update","cloudfunctions.operations.get","datastore.indexes.create","datastore.indexes.delete","datastore.indexes.list","datastore.indexes.update","firebase.projects.get","firebasehosting.sites.update"]}
[debug] [2022-05-12T19:03:37.949Z] >>> [apiv2][query] POST https://iam.googleapis.com/v1/projects/cargasaqui/serviceAccounts/cargasaqui@appspot.gserviceaccount.com:testIamPermissions [none]
[debug] [2022-05-12T19:03:37.949Z] >>> [apiv2][body] POST https://iam.googleapis.com/v1/projects/cargasaqui/serviceAccounts/cargasaqui@appspot.gserviceaccount.com:testIamPermissions {"permissions":["iam.serviceAccounts.actAs"]}
